api/github/github.go:62:13: error strings should not be capitalized (ST1005)
api/github/github.go:62:13: error strings should not end with punctuation or a newline (ST1005)
api/learn/learn.go:93:15: should use fmt.Errorf(...) instead of errors.New(fmt.Sprintf(...)) (S1028)
api/learn/learn.go:114:15: error strings should not be capitalized (ST1005)
api/learn/learn.go:133:15: error strings should not be capitalized (ST1005)
api/learn/learn.go:192:10: error strings should not be capitalized (ST1005)
api/learn/preview.go:51:14: error strings should not be capitalized (ST1005)
api/learn/preview.go:63:16: error strings should not be capitalized (ST1005)
api/learn/preview.go:119:15: error strings should not be capitalized (ST1005)
api/learn/publish.go:80:19: error strings should not be capitalized (ST1005)
api/learn/publish.go:120:19: error strings should not be capitalized (ST1005)
api/learn/publish.go:156:13: error strings should not be capitalized (ST1005)
app/cmd/config.go:227:18: error strings should not be capitalized (ST1005)
app/cmd/config.go:227:18: error strings should not end with punctuation or a newline (ST1005)
app/cmd/config.go:395:24: error strings should not be capitalized (ST1005)
app/cmd/config.go:444:16: error strings should not be capitalized (ST1005)
app/cmd/config.go:478:24: error strings should not be capitalized (ST1005)
app/cmd/config.go:493:10: error strings should not end with punctuation or a newline (ST1005)
app/cmd/markdown.go:60:18: error strings should not be capitalized (ST1005)
app/cmd/markdown.go:60:18: error strings should not end with punctuation or a newline (ST1005)
app/cmd/markdown.go:106:10: error strings should not end with punctuation or a newline (ST1005)
app/cmd/markdown.go:111:10: error strings should not end with punctuation or a newline (ST1005)
app/cmd/markdown.go:114:10: error strings should not end with punctuation or a newline (ST1005)
app/cmd/markdown.go:119:10: error strings should not be capitalized (ST1005)
app/cmd/markdown.go:119:10: error strings should not end with punctuation or a newline (ST1005)
app/cmd/markdown.go:126:11: error strings should not be capitalized (ST1005)
app/cmd/markdown.go:126:11: error strings should not end with punctuation or a newline (ST1005)
app/cmd/markdown.go:131:11: error strings should not be capitalized (ST1005)
app/cmd/markdown.go:131:11: error strings should not end with punctuation or a newline (ST1005)
app/cmd/preview.go:417:16: error strings should not be capitalized (ST1005)
app/cmd/preview.go:421:5: should replace this if statement with an unconditional strings.TrimPrefix (S1017)
app/cmd/preview.go:430:16: error strings should not be capitalized (ST1005)
app/cmd/preview.go:459:34: error strings should not be capitalized (ST1005)
app/cmd/preview.go:481:22: error strings should not be capitalized (ST1005)
app/cmd/preview.go:487:23: error strings should not be capitalized (ST1005)
app/cmd/preview.go:540:14: error strings should not be capitalized (ST1005)
app/cmd/preview.go:558:14: error strings should not be capitalized (ST1005)
app/cmd/preview.go:645:22: error strings should not be capitalized (ST1005)
app/cmd/preview.go:645:22: error strings should not end with punctuation or a newline (ST1005)
app/cmd/preview.go:657:10: error strings should not end with punctuation or a newline (ST1005)
app/cmd/publish.go:203:22: error strings should not be capitalized (ST1005)
app/cmd/root.go:45:11: error strings should not be capitalized (ST1005)
ignorematcher/ignorematcher.go:85:13: should use strings.Contains(".$", string(ch)) instead (S1003)
mdresourceparser/md_resource_parser.go:26:2: field value is unused (U1000)
mdresourceparser/md_resource_parser.go:27:2: field position is unused (U1000)
mdresourceparser/md_resource_parser.go:119:14: error strings should not be capitalized (ST1005)
mdresourceparser/md_resource_parser.go:128:14: error strings should not be capitalized (ST1005)
mdresourceparser/md_resource_parser.go:143:14: error strings should not be capitalized (ST1005)
mdresourceparser/md_resource_parser.go:158:14: error strings should not be capitalized (ST1005)
